10/25/2007 20:50:38 - Negis[2000001]: @warp prontera
10/25/2007 20:52:18 - Negis[2000001]: @reloadscript
10/26/2007 14:59:54 - Negis[2000001]: @speed 0
10/26/2007 15:00:44 - Negis[2000001]: @warp lhz_dun03
10/26/2007 15:00:50 - Negis[2000001]: @hide
10/26/2007 15:01:04 - Negis[2000001]: @jump 108 168
10/26/2007 15:01:24 - Negis[2000001]: @jump 115 201
10/26/2007 15:02:22 - Negis[2000001]: @reloadscript
10/26/2007 15:15:08 - Negis[2000001]: @hide
10/26/2007 15:15:14 - Negis[2000001]: @speed 0
10/26/2007 15:15:54 - Negis[2000001]: @reloadbattleconf
10/26/2007 15:56:34 - Negis[2000001]: @speed 0
10/26/2007 15:58:56 - Negis[2000001]: @loadnpc npc/que_firewaterrefine.txt
10/26/2007 15:59:09 - Negis[2000001]: @jump 154 144
10/26/2007 15:59:18 - Negis[2000001]: @job 4019
10/26/2007 15:59:43 - Negis[2000001]: @reloadscript
10/26/2007 16:00:48 - Negis[2000001]: @job 4019
10/26/2007 16:01:13 - Negis[2000001]: @reloadscript
10/26/2007 16:04:11 - Negis[2000001]: @lvup 99
10/26/2007 16:04:14 - Negis[2000001]: @heal
10/26/2007 16:05:27 - Negis[2000001]: @reloadscript
10/26/2007 16:06:16 - Negis[2000001]: @item Frozen_Rose 20
10/26/2007 16:06:22 - Negis[2000001]: @jump
10/26/2007 16:06:47 - Negis[2000001]: @jump 162 162
10/26/2007 16:07:19 - Negis[2000001]: @item 7447 20
10/26/2007 16:07:27 - Negis[2000001]: @item 1617 40
10/26/2007 16:07:30 - Negis[2000001]: @item 7444 20
10/26/2007 16:07:46 - Negis[2000001]: @cleanmap
10/26/2007 16:08:03 - Negis[2000001]: @item 7444 5
10/26/2007 16:08:18 - Negis[2000001]: @zeny 50000000
10/26/2007 16:08:28 - Negis[2000001]: @item 7447 50
10/26/2007 16:08:38 - Negis[2000001]: @item 7447 50
10/26/2007 16:08:55 - Negis[2000001]: @warp morocc_in.gat 61 35
10/26/2007 16:09:11 - Negis[2000001]: @item Bazerald
10/26/2007 16:11:10 - Negis[2000001]: @item 7620
10/28/2007 17:24:18 - Negis[2000001]: @makeegg 1002
10/28/2007 17:24:20 - Negis[2000001]: @hatch
10/28/2007 17:24:26 - Negis[2000001]: @makeegg 1113
10/28/2007 17:24:28 - Negis[2000001]: @hatch
10/28/2007 17:24:32 - Negis[2000001]: @warp guild_vs3
10/28/2007 17:24:35 - Negis[2000001]: @speed 0
10/28/2007 17:30:47 - Negis[2000001]: @warp guild_vs3
10/28/2007 17:30:51 - Negis[2000001]: @save
10/28/2007 17:42:09 - Negis[2000001]: @reloadscript
11/03/2007 22:13:01 - Negis[2000001]: @reloadscript
11/03/2007 22:14:07 - Negis[2000001]: @allskill
11/03/2007 22:14:15 - Negis[2000001]: @joblvup 70
11/03/2007 22:14:26 - Negis[2000001]: @save
11/03/2007 22:14:28 - Negis[2000001]: @alive
11/03/2007 22:14:37 - Negis[2000001]: @petfriendly 1000
11/03/2007 22:14:42 - Negis[2000001]: @pethungry 1000
11/03/2007 22:15:45 - Negis[2000001]: @reloadscript
11/03/2007 22:18:54 - Negis[2000001]: @jump 49 49
11/03/2007 22:19:51 - Negis[2000001]: @reloadscript
